<?xml version="1.0" encoding="UTF-8"?>
<!-- Generated by org.testng.reporters.JUnitReportReporter -->
<testsuite hostname="LAPTOP-CATGFBKU" name="InterviewQuestions.TestNGHierarchy" tests="2" failures="0" timestamp="9 Dec 2019 05:54:55 GMT" time="0.017" errors="0">
  <testcase name="Test2" time="0.005" classname="InterviewQuestions.TestNGHierarchy"/>
  <testcase name="Test1" time="0.012" classname="InterviewQuestions.TestNGHierarchy"/>
</testsuite> <!-- InterviewQuestions.TestNGHierarchy -->
