<?xml version="1.0" encoding="UTF-8"?>
<!-- Generated by org.testng.reporters.JUnitReportReporter -->
<testsuite hostname="LAPTOP-CATGFBKU" name="InterviewQuestions.StatMethods" tests="2" failures="0" timestamp="10 Dec 2019 05:22:24 GMT" time="0.013" errors="0">
  <testcase name="test1" time="0.010" classname="InterviewQuestions.StatMethods"/>
  <testcase name="test2" time="0.003" classname="InterviewQuestions.StatMethods"/>
</testsuite> <!-- InterviewQuestions.StatMethods -->
