<?xml version="1.0" encoding="UTF-8"?>
<!-- Generated by org.testng.reporters.JUnitReportReporter -->
<testsuite hostname="LAPTOP-CATGFBKU" name="com.test.LoginFunctionExcel" tests="4" failures="0" timestamp="4 Dec 2019 10:01:30 GMT" time="98.758" errors="0">
  <testcase name="fbLogin" time="24.860" classname="com.test.LoginFunctionExcel"/>
  <testcase name="fbLogin" time="24.440" classname="com.test.LoginFunctionExcel"/>
  <testcase name="fbLogin" time="23.406" classname="com.test.LoginFunctionExcel"/>
  <testcase name="fbLogin" time="26.052" classname="com.test.LoginFunctionExcel"/>
</testsuite> <!-- com.test.LoginFunctionExcel -->
