<?xml version="1.0" encoding="UTF-8"?>
<!-- Generated by org.testng.reporters.JUnitReportReporter -->
<testsuite hostname="LAPTOP-CATGFBKU" name="com.test.LoginFunction" tests="4" failures="0" timestamp="4 Dec 2019 09:36:53 GMT" time="84.095" errors="0">
  <testcase name="fbLogin" time="16.804" classname="com.test.LoginFunction"/>
  <testcase name="fbLogin" time="18.032" classname="com.test.LoginFunction"/>
  <testcase name="fbLogin" time="22.476" classname="com.test.LoginFunction"/>
  <testcase name="fbLogin" time="26.783" classname="com.test.LoginFunction"/>
</testsuite> <!-- com.test.LoginFunction -->
