<?xml version="1.0" encoding="UTF-8"?>
<!-- Generated by org.testng.reporters.JUnitReportReporter -->
<testsuite hostname="LAPTOP-CATGFBKU" name="com.test.LoginFunctionExcel" tests="4" failures="0" timestamp="9 Dec 2019 14:14:34 GMT" time="90.212" errors="0">
  <testcase name="fbLogin" time="26.403" classname="com.test.LoginFunctionExcel"/>
  <testcase name="fbLogin" time="15.505" classname="com.test.LoginFunctionExcel"/>
  <testcase name="fbLogin" time="25.357" classname="com.test.LoginFunctionExcel"/>
  <testcase name="fbLogin" time="22.947" classname="com.test.LoginFunctionExcel"/>
</testsuite> <!-- com.test.LoginFunctionExcel -->
